<?xml version="1.0" encoding="UTF-8"?>
<testsuite xmlns:xsi="http://www.w3.org/2001/XMLSchema-instance" xsi:noNamespaceSchemaLocation="https://maven.apache.org/surefire/maven-surefire-plugin/xsd/surefire-test-report.xsd" name="TestSuite" time="21.298" tests="3" errors="0" skipped="2" failures="1">
  <properties>
[...]
</properties>
  <testcase name="setup" classname="regression.TestLoginFlow" time="20.859">
    <failure message="session not created&#10;from chrome not reachable&#10;  (Session info: chrome=80.0.3987.122)&#10;Build info: version: &apos;3.8.1&apos;, revision: &apos;6e95a6684b&apos;, time: &apos;2017-12-01T18:33:54.468Z&apos;&#10;System info: host: &apos;TECH-SHIVAMMI&apos;, ip: &apos;192.168.221.154&apos;, os.name: &apos;Windows 10&apos;, os.arch: &apos;amd64&apos;, os.version: &apos;10.0&apos;, java.version: &apos;1.8.0_231&apos;&#10;Driver info: driver.version: ChromeDriver&#10;remote stacktrace: Backtrace:&#10;	Ordinal0 [0x002BA113+1548563]&#10;	Ordinal0 [0x0023DDA1+1039777]&#10;	Ordinal0 [0x001BE32E+516910]&#10;	Ordinal0 [0x001B8012+491538]&#10;	Ordinal0 [0x001B86EB+493291]&#10;	Ordinal0 [0x001B9855+497749]&#10;	Ordinal0 [0x001B5885+481413]&#10;	Ordinal0 [0x001BF0D0+520400]&#10;	Ordinal0 [0x0016C030+180272]&#10;	Ordinal0 [0x0016B59D+177565]&#10;	Ordinal0 [0x001695FB+169467]&#10;	Ordinal0 [0x0015160A+71178]&#10;	Ordinal0 [0x00152690+75408]&#10;	Ordinal0 [0x00152629+75305]&#10;	Ordinal0 [0x002571B7+1143223]&#10;	GetHandleVerifier [0x00352B46+507814]&#10;	GetHandleVerifier [0x00352864+507076]&#10;	GetHandleVerifier [0x00359F47+537511]&#10;	GetHandleVerifier [0x00353402+510050]&#10;	Ordinal0 [0x0024F29C+1110684]&#10;	Ordinal0 [0x0025938B+1151883]&#10;	Ordinal0 [0x002594F3+1152243]&#10;	Ordinal0 [0x002583F5+1147893]&#10;	BaseThreadInitThunk [0x779C6359+25]&#10;	RtlGetAppContainerNamedObjectPath [0x77D27B74+228]&#10;	RtlGetAppContainerNamedObjectPath [0x77D27B44+180]&#10;" type="org.openqa.selenium.SessionNotCreatedException">org.openqa.selenium.SessionNotCreatedException: 
session not created
from chrome not reachable
  (Session info: chrome=80.0.3987.122)
Build info: version: '3.8.1', revision: '6e95a6684b', time: '2017-12-01T18:33:54.468Z'
System info: host: 'TECH-SHIVAMMI', ip: '192.168.221.154', os.name: 'Windows 10', os.arch: 'amd64', os.version: '10.0', java.version: '1.8.0_231'
Driver info: driver.version: ChromeDriver
remote stacktrace: Backtrace:
	Ordinal0 [0x002BA113+1548563]
	Ordinal0 [0x0023DDA1+1039777]
	Ordinal0 [0x001BE32E+516910]
	Ordinal0 [0x001B8012+491538]
	Ordinal0 [0x001B86EB+493291]
	Ordinal0 [0x001B9855+497749]
	Ordinal0 [0x001B5885+481413]
	Ordinal0 [0x001BF0D0+520400]
	Ordinal0 [0x0016C030+180272]
	Ordinal0 [0x0016B59D+177565]
	Ordinal0 [0x001695FB+169467]
	Ordinal0 [0x0015160A+71178]
	Ordinal0 [0x00152690+75408]
	Ordinal0 [0x00152629+75305]
	Ordinal0 [0x002571B7+1143223]
	GetHandleVerifier [0x00352B46+507814]
	GetHandleVerifier [0x00352864+507076]
	GetHandleVerifier [0x00359F47+537511]
	GetHandleVerifier [0x00353402+510050]
	Ordinal0 [0x0024F29C+1110684]
	Ordinal0 [0x0025938B+1151883]
	Ordinal0 [0x002594F3+1152243]
	Ordinal0 [0x002583F5+1147893]
	BaseThreadInitThunk [0x779C6359+25]
	RtlGetAppContainerNamedObjectPath [0x77D27B74+228]
	RtlGetAppContainerNamedObjectPath [0x77D27B44+180]

</failure>
    <system-err><![CDATA[Mar 12, 2020 4:41:53 PM org.openqa.selenium.remote.DesiredCapabilities chrome
INFO: Using `new ChromeOptions()` is preferred to `DesiredCapabilities.chrome()`
Starting ChromeDriver 79.0.3945.36 (3582db32b33893869b8c1339e8f4d9ed1816f143-refs/branch-heads/3945@{#614}) on port 20974
Only local connections are allowed.
Please protect ports used by ChromeDriver and related test frameworks to prevent access by malicious code.
[1584011518.510][WARNING]: This version of ChromeDriver has not been tested with Chrome version 80.
[1584011520.516][WARNING]: Timed out connecting to Chrome, retrying...
[1584011524.518][WARNING]: Timed out connecting to Chrome, retrying...
]]></system-err>
  </testcase>
  <testcase name="testLogin" classname="regression.TestLoginFlow" time="0">
    <skipped/>
  </testcase>
  <testcase name="afterMethod" classname="regression.TestLoginFlow" time="0">
    <skipped/>
  </testcase>
</testsuite>