<?xml version="1.0" encoding="UTF-8"?>
<testng-results skipped="1" failed="0" total="1" passed="0">
  <reporter-output>
  </reporter-output>
  <suite name="Suite" duration-ms="19389" started-at="2020-03-12T11:11:53Z" finished-at="2020-03-12T11:12:13Z">
    <groups>
    </groups>
    <test name="Test" duration-ms="19389" started-at="2020-03-12T11:11:53Z" finished-at="2020-03-12T11:12:13Z">
      <class name="regression.TestLoginFlow">
        <test-method status="FAIL" signature="setup()[pri:0, instance:regression.TestLoginFlow@49070868]" name="setup" is-config="true" duration-ms="0" started-at="2020-03-12T16:41:53Z" finished-at="2020-03-12T16:41:53Z">
          <exception class="org.openqa.selenium.SessionNotCreatedException">
            <message>
              <![CDATA[session not created
from chrome not reachable
  (Session info: chrome=80.0.3987.122)
Build info: version: '3.8.1', revision: '6e95a6684b', time: '2017-12-01T18:33:54.468Z'
System info: host: 'TECH-SHIVAMMI', ip: '192.168.221.154', os.name: 'Windows 10', os.arch: 'amd64', os.version: '10.0', java.version: '1.8.0_231'
Driver info: driver.version: ChromeDriver
remote stacktrace: Backtrace:
	Ordinal0 [0x002BA113+1548563]
	Ordinal0 [0x0023DDA1+1039777]
	Ordinal0 [0x001BE32E+516910]
	Ordinal0 [0x001B8012+491538]
	Ordinal0 [0x001B86EB+493291]
	Ordinal0 [0x001B9855+497749]
	Ordinal0 [0x001B5885+481413]
	Ordinal0 [0x001BF0D0+520400]
	Ordinal0 [0x0016C030+180272]
	Ordinal0 [0x0016B59D+177565]
	Ordinal0 [0x001695FB+169467]
	Ordinal0 [0x0015160A+71178]
	Ordinal0 [0x00152690+75408]
	Ordinal0 [0x00152629+75305]
	Ordinal0 [0x002571B7+1143223]
	GetHandleVerifier [0x00352B46+507814]
	GetHandleVerifier [0x00352864+507076]
	GetHandleVerifier [0x00359F47+537511]
	GetHandleVerifier [0x00353402+510050]
	Ordinal0 [0x0024F29C+1110684]
	Ordinal0 [0x0025938B+1151883]
	Ordinal0 [0x002594F3+1152243]
	Ordinal0 [0x002583F5+1147893]
	BaseThreadInitThunk [0x779C6359+25]
	RtlGetAppContainerNamedObjectPath [0x77D27B74+228]
	RtlGetAppContainerNamedObjectPath [0x77D27B44+180]
]]>
            </message>
            <full-stacktrace>
              <![CDATA[org.openqa.selenium.SessionNotCreatedException: session not created
from chrome not reachable
  (Session info: chrome=80.0.3987.122)
Build info: version: '3.8.1', revision: '6e95a6684b', time: '2017-12-01T18:33:54.468Z'
System info: host: 'TECH-SHIVAMMI', ip: '192.168.221.154', os.name: 'Windows 10', os.arch: 'amd64', os.version: '10.0', java.version: '1.8.0_231'
Driver info: driver.version: ChromeDriver
remote stacktrace: Backtrace:
	Ordinal0 [0x002BA113+1548563]
	Ordinal0 [0x0023DDA1+1039777]
	Ordinal0 [0x001BE32E+516910]
	Ordinal0 [0x001B8012+491538]
	Ordinal0 [0x001B86EB+493291]
	Ordinal0 [0x001B9855+497749]
	Ordinal0 [0x001B5885+481413]
	Ordinal0 [0x001BF0D0+520400]
	Ordinal0 [0x0016C030+180272]
	Ordinal0 [0x0016B59D+177565]
	Ordinal0 [0x001695FB+169467]
	Ordinal0 [0x0015160A+71178]
	Ordinal0 [0x00152690+75408]
	Ordinal0 [0x00152629+75305]
	Ordinal0 [0x002571B7+1143223]
	GetHandleVerifier [0x00352B46+507814]
	GetHandleVerifier [0x00352864+507076]
	GetHandleVerifier [0x00359F47+537511]
	GetHandleVerifier [0x00353402+510050]
	Ordinal0 [0x0024F29C+1110684]
	Ordinal0 [0x0025938B+1151883]
	Ordinal0 [0x002594F3+1152243]
	Ordinal0 [0x002583F5+1147893]
	BaseThreadInitThunk [0x779C6359+25]
	RtlGetAppContainerNamedObjectPath [0x77D27B74+228]
	RtlGetAppContainerNamedObjectPath [0x77D27B44+180]

	at sun.reflect.NativeConstructorAccessorImpl.newInstance0(Native Method)
	at sun.reflect.NativeConstructorAccessorImpl.newInstance(NativeConstructorAccessorImpl.java:62)
	at sun.reflect.DelegatingConstructorAccessorImpl.newInstance(DelegatingConstructorAccessorImpl.java:45)
	at java.lang.reflect.Constructor.newInstance(Constructor.java:423)
	at org.openqa.selenium.remote.W3CHandshakeResponse.lambda$new$0(W3CHandshakeResponse.java:57)
	at org.openqa.selenium.remote.W3CHandshakeResponse.lambda$getResponseFunction$2(W3CHandshakeResponse.java:104)
	at org.openqa.selenium.remote.ProtocolHandshake.lambda$createSession$0(ProtocolHandshake.java:123)
	at java.util.stream.ReferencePipeline$3$1.accept(ReferencePipeline.java:193)
	at java.util.Spliterators$ArraySpliterator.tryAdvance(Spliterators.java:958)
	at java.util.stream.ReferencePipeline.forEachWithCancel(ReferencePipeline.java:126)
	at java.util.stream.AbstractPipeline.copyIntoWithCancel(AbstractPipeline.java:499)
	at java.util.stream.AbstractPipeline.copyInto(AbstractPipeline.java:486)
	at java.util.stream.AbstractPipeline.wrapAndCopyInto(AbstractPipeline.java:472)
	at java.util.stream.FindOps$FindOp.evaluateSequential(FindOps.java:152)
	at java.util.stream.AbstractPipeline.evaluate(AbstractPipeline.java:234)
	at java.util.stream.ReferencePipeline.findFirst(ReferencePipeline.java:464)
	at org.openqa.selenium.remote.ProtocolHandshake.createSession(ProtocolHandshake.java:126)
	at org.openqa.selenium.remote.ProtocolHandshake.createSession(ProtocolHandshake.java:73)
	at org.openqa.selenium.remote.HttpCommandExecutor.execute(HttpCommandExecutor.java:142)
	at org.openqa.selenium.remote.service.DriverCommandExecutor.execute(DriverCommandExecutor.java:83)
	at org.openqa.selenium.remote.RemoteWebDriver.execute(RemoteWebDriver.java:601)
	at org.openqa.selenium.remote.RemoteWebDriver.startSession(RemoteWebDriver.java:219)
	at org.openqa.selenium.remote.RemoteWebDriver.<init>(RemoteWebDriver.java:142)
	at org.openqa.selenium.chrome.ChromeDriver.<init>(ChromeDriver.java:170)
	at org.openqa.selenium.chrome.ChromeDriver.<init>(ChromeDriver.java:159)
	at org.openqa.selenium.chrome.ChromeDriver.<init>(ChromeDriver.java:148)
	at browser.base.initilizeDriver(base.java:41)
	at extent.ExtentReportingBaseUtil.setup(ExtentReportingBaseUtil.java:23)
	at sun.reflect.NativeMethodAccessorImpl.invoke0(Native Method)
	at sun.reflect.NativeMethodAccessorImpl.invoke(NativeMethodAccessorImpl.java:62)
	at sun.reflect.DelegatingMethodAccessorImpl.invoke(DelegatingMethodAccessorImpl.java:43)
	at java.lang.reflect.Method.invoke(Method.java:498)
	at org.testng.internal.MethodInvocationHelper.invokeMethod(MethodInvocationHelper.java:80)
	at org.testng.internal.Invoker.invokeConfigurationMethod(Invoker.java:564)
	at org.testng.internal.Invoker.invokeConfigurations(Invoker.java:213)
	at org.testng.internal.Invoker.invokeMethod(Invoker.java:653)
	at org.testng.internal.Invoker.invokeTestMethod(Invoker.java:901)
	at org.testng.internal.Invoker.invokeTestMethods(Invoker.java:1231)
	at org.testng.internal.TestMethodWorker.invokeTestMethods(TestMethodWorker.java:127)
	at org.testng.internal.TestMethodWorker.run(TestMethodWorker.java:111)
	at org.testng.TestRunner.privateRun(TestRunner.java:767)
	at org.testng.TestRunner.run(TestRunner.java:617)
	at org.testng.SuiteRunner.runTest(SuiteRunner.java:334)
	at org.testng.SuiteRunner.runSequentially(SuiteRunner.java:329)
	at org.testng.SuiteRunner.privateRun(SuiteRunner.java:291)
	at org.testng.SuiteRunner.run(SuiteRunner.java:240)
	at org.testng.SuiteRunnerWorker.runSuite(SuiteRunnerWorker.java:52)
	at org.testng.SuiteRunnerWorker.run(SuiteRunnerWorker.java:86)
	at org.testng.TestNG.runSuitesSequentially(TestNG.java:1198)
	at org.testng.TestNG.runSuitesLocally(TestNG.java:1123)
	at org.testng.TestNG.run(TestNG.java:1031)
	at org.apache.maven.surefire.testng.TestNGExecutor.run(TestNGExecutor.java:283)
	at org.apache.maven.surefire.testng.TestNGXmlTestSuite.execute(TestNGXmlTestSuite.java:75)
	at org.apache.maven.surefire.testng.TestNGProvider.invoke(TestNGProvider.java:120)
	at org.apache.maven.surefire.booter.ForkedBooter.invokeProviderInSameClassLoader(ForkedBooter.java:386)
	at org.apache.maven.surefire.booter.ForkedBooter.runSuitesInProcess(ForkedBooter.java:323)
	at org.apache.maven.surefire.booter.ForkedBooter.main(ForkedBooter.java:143)
]]>
            </full-stacktrace>
          </exception> <!-- org.openqa.selenium.SessionNotCreatedException -->
          <reporter-output>
          </reporter-output>
        </test-method> <!-- setup -->
        <test-method status="SKIP" signature="testLogin()[pri:0, instance:regression.TestLoginFlow@49070868]" name="testLogin" duration-ms="2" started-at="2020-03-12T16:42:13Z" finished-at="2020-03-12T16:42:13Z">
          <reporter-output>
          </reporter-output>
        </test-method> <!-- testLogin -->
        <test-method status="SKIP" signature="afterMethod()[pri:0, instance:regression.TestLoginFlow@49070868]" name="afterMethod" is-config="true" duration-ms="0" started-at="2020-03-12T16:42:13Z" finished-at="2020-03-12T16:42:13Z">
          <reporter-output>
          </reporter-output>
        </test-method> <!-- afterMethod -->
      </class> <!-- regression.TestLoginFlow -->
    </test> <!-- Test -->
  </suite> <!-- Suite -->
</testng-results>
